# JRE version: OpenJDK Runtime Environment (17.0.11) (build 17.0.11+0--11852314)
# Java VM: OpenJDK 64-Bit Server VM (17.0.11+0--11852314, mixed mode, tiered, compressed oops, compressed class ptrs, g1 gc, windows-amd64)
GC Precious Log:
 CPUs: 4 total, 4 available
 Memory: 6086M
 Large Page Support: Disabled
 NUMA Support: Disabled
 Compressed Oops: Enabled (32-bit)
 Heap Region Size: 1M
 Heap Min Capacity: 8M
 Heap Initial Capacity: 96M
 Heap Max Capacity: 2G
 Pre-touch: Disabled
 Parallel Workers: 4
 Concurrent Workers: 1
 Concurrent Refinement Workers: 4
 Periodic GC: Disabled
Heap:
 garbage-first heap   total 311296K, used 144417K [0x0000000080000000, 0x0000000100000000)
  region size 1024K, 2 young (2048K), 2 survivors (2048K)
 Metaspace       used 144510K, committed 146240K, reserved 1179648K
  class space    used 19398K, committed 20224K, reserved 1048576K
GC Heap History (20 events):
Event: 8859.079 GC heap after
{Heap after GC invocations=85 (full 1):
 garbage-first heap   total 311296K, used 155729K [0x0000000080000000, 0x0000000100000000)
  region size 1024K, 9 young (9216K), 9 survivors (9216K)
 Metaspace       used 144308K, committed 145792K, reserved 1179648K
  class space    used 19445K, committed 20224K, reserved 1048576K
}
Event: 8904.095 GC heap before
{Heap before GC invocations=85 (full 1):
 garbage-first heap   total 311296K, used 274513K [0x0000000080000000, 0x0000000100000000)
  region size 1024K, 102 young (104448K), 9 survivors (9216K)
 Metaspace       used 144523K, committed 146048K, reserved 1179648K
  class space    used 19447K, committed 20224K, reserved 1048576K
}
Event: 8904.284 GC heap after
{Heap after GC invocations=86 (full 1):
 garbage-first heap   total 311296K, used 159205K [0x0000000080000000, 0x0000000100000000)
  region size 1024K, 5 young (5120K), 5 survivors (5120K)
 Metaspace       used 144523K, committed 146048K, reserved 1179648K
  class space    used 19447K, committed 20224K, reserved 1048576K
}
Event: 8907.942 GC heap before
{Heap before GC invocations=86 (full 1):
 garbage-first heap   total 311296K, used 272869K [0x0000000080000000, 0x0000000100000000)
  region size 1024K, 98 young (100352K), 5 survivors (5120K)
 Metaspace       used 144642K, committed 146176K, reserved 1179648K
  class space    used 19448K, committed 20224K, reserved 1048576K
}
Event: 8908.126 GC heap after
{Heap after GC invocations=87 (full 1):
 garbage-first heap   total 311296K, used 165670K [0x0000000080000000, 0x0000000100000000)
  region size 1024K, 11 young (11264K), 11 survivors (11264K)
 Metaspace       used 144642K, committed 146176K, reserved 1179648K
  class space    used 19448K, committed 20224K, reserved 1048576K
}
Event: 8912.615 GC heap before
{Heap before GC invocations=87 (full 1):
 garbage-first heap   total 311296K, used 242470K [0x0000000080000000, 0x0000000100000000)
  region size 1024K, 70 young (71680K), 11 survivors (11264K)
 Metaspace       used 144689K, committed 146240K, reserved 1179648K
  class space    used 19448K, committed 20224K, reserved 1048576K
}
Event: 8912.678 GC heap after
{Heap after GC invocations=88 (full 1):
 garbage-first heap   total 311296K, used 180156K [0x0000000080000000, 0x0000000100000000)
  region size 1024K, 5 young (5120K), 5 survivors (5120K)
 Metaspace       used 144689K, committed 146240K, reserved 1179648K
  class space    used 19448K, committed 20224K, reserved 1048576K
}
Event: 9253.517 GC heap before
{Heap before GC invocations=89 (full 1):
 garbage-first heap   total 311296K, used 240572K [0x0000000080000000, 0x0000000100000000)
  region size 1024K, 82 young (83968K), 5 survivors (5120K)
 Metaspace       used 144422K, committed 146240K, reserved 1179648K
  class space    used 19390K, committed 20224K, reserved 1048576K
}
Event: 9253.735 GC heap after
{Heap after GC invocations=90 (full 1):
 garbage-first heap   total 311296K, used 149699K [0x0000000080000000, 0x0000000100000000)
  region size 1024K, 10 young (10240K), 10 survivors (10240K)
 Metaspace       used 144422K, committed 146240K, reserved 1179648K
  class space    used 19390K, committed 20224K, reserved 1048576K
}
Event: 9254.003 GC heap before
{Heap before GC invocations=90 (full 1):
 garbage-first heap   total 311296K, used 155843K [0x0000000080000000, 0x0000000100000000)
  region size 1024K, 15 young (15360K), 10 survivors (10240K)
 Metaspace       used 144427K, committed 146240K, reserved 1179648K
  class space    used 19391K, committed 20224K, reserved 1048576K
}
Event: 9254.143 GC heap after
{Heap after GC invocations=91 (full 1):
 garbage-first heap   total 311296K, used 139726K [0x0000000080000000, 0x0000000100000000)
  region size 1024K, 2 young (2048K), 2 survivors (2048K)
 Metaspace       used 144427K, committed 146240K, reserved 1179648K
  class space    used 19391K, committed 20224K, reserved 1048576K
}
Event: 9254.633 GC heap before
{Heap before GC invocations=91 (full 1):
 garbage-first heap   total 311296K, used 176590K [0x0000000080000000, 0x0000000100000000)
  region size 1024K, 39 young (39936K), 2 survivors (2048K)
 Metaspace       used 144431K, committed 146240K, reserved 1179648K
  class space    used 19391K, committed 20224K, reserved 1048576K
}
Event: 9254.696 GC heap after
{Heap after GC invocations=92 (full 1):
 garbage-first heap   total 311296K, used 161751K [0x0000000080000000, 0x0000000100000000)
  region size 1024K, 14 young (14336K), 14 survivors (14336K)
 Metaspace       used 144431K, committed 146240K, reserved 1179648K
  class space    used 19391K, committed 20224K, reserved 1048576K
}
Event: 9255.528 GC heap before
{Heap before GC invocations=92 (full 1):
 garbage-first heap   total 311296K, used 194519K [0x0000000080000000, 0x0000000100000000)
  region size 1024K, 30 young (30720K), 14 survivors (14336K)
 Metaspace       used 144494K, committed 146240K, reserved 1179648K
  class space    used 19396K, committed 20224K, reserved 1048576K
}
Event: 9255.572 GC heap after
{Heap after GC invocations=93 (full 1):
 garbage-first heap   total 311296K, used 164322K [0x0000000080000000, 0x0000000100000000)
  region size 1024K, 3 young (3072K), 3 survivors (3072K)
 Metaspace       used 144494K, committed 146240K, reserved 1179648K
  class space    used 19396K, committed 20224K, reserved 1048576K
}
Event: 9260.791 GC heap before
{Heap before GC invocations=94 (full 1):
 garbage-first heap   total 311296K, used 194018K [0x0000000080000000, 0x0000000100000000)
  region size 1024K, 41 young (41984K), 3 survivors (3072K)
 Metaspace       used 144505K, committed 146240K, reserved 1179648K
  class space    used 19398K, committed 20224K, reserved 1048576K
}
Event: 9260.800 GC heap after
{Heap after GC invocations=95 (full 1):
 garbage-first heap   total 311296K, used 157666K [0x0000000080000000, 0x0000000100000000)
  region size 1024K, 4 young (4096K), 4 survivors (4096K)
 Metaspace       used 144505K, committed 146240K, reserved 1179648K
  class space    used 19398K, committed 20224K, reserved 1048576K
}
Event: 9261.168 GC heap before
{Heap before GC invocations=95 (full 1):
 garbage-first heap   total 311296K, used 168930K [0x0000000080000000, 0x0000000100000000)
  region size 1024K, 15 young (15360K), 4 survivors (4096K)
 Metaspace       used 144510K, committed 146240K, reserved 1179648K
  class space    used 19398K, committed 20224K, reserved 1048576K
}
Event: 9261.179 GC heap after
{Heap after GC invocations=96 (full 1):
 garbage-first heap   total 311296K, used 144464K [0x0000000080000000, 0x0000000100000000)
  region size 1024K, 2 young (2048K), 2 survivors (2048K)
 Metaspace       used 144510K, committed 146240K, reserved 1179648K
  class space    used 19398K, committed 20224K, reserved 1048576K
}
Event: 9261.277 GC heap before
{Heap before GC invocations=96 (full 1):
 garbage-first heap   total 311296K, used 147536K [0x0000000080000000, 0x0000000100000000)
  region size 1024K, 7 young (7168K), 2 survivors (2048K)
 Metaspace       used 144510K, committed 146240K, reserved 1179648K
  class space    used 19398K, committed 20224K, reserved 1048576K
}

